[02:45:28] [ServerMain/INFO]: [bootstrap] Running Java 21 (OpenJDK 64-Bit Server VM 21.0.9+10-LTS; Microsoft Microsoft-12574459) on Windows 10 10.0 (amd64)
[02:45:28] [ServerMain/INFO]: [bootstrap] Loading Paper 1.21.10-129-ver/1.21.10@3e25649 (2025-12-19T23:34:30Z) for Minecraft 1.21.10
[02:45:28] [ServerMain/INFO]: [PluginInitializerManager] Initializing plugins...
[02:45:28] [Paper Plugin Remapper Thread - 2/INFO]: [PluginRemapper] Remapping plugin 'C:\Users\maL0o\IdeaProjects\DragonTrim_AMOR_TOOLS\build\libs\DragonStuff-1.1.0.jar'...
[02:45:29] [Paper Plugin Remapper Thread - 2/INFO]: [PluginRemapper] Done remapping plugin 'C:\Users\maL0o\IdeaProjects\DragonTrim_AMOR_TOOLS\build\libs\DragonStuff-1.1.0.jar' in 411ms.
[02:45:29] [ServerMain/INFO]: [PluginInitializerManager] Initialized 1 plugin
[02:45:29] [ServerMain/INFO]: [PluginInitializerManager] Bukkit plugins (1):
 - DragonTrim (1.0.0)
[02:45:33] [ServerMain/INFO]: Environment: Environment[sessionHost=https://sessionserver.mojang.com, servicesHost=https://api.minecraftservices.com, profilesHost=https://api.mojang.com, name=PROD]
[02:45:34] [ServerMain/INFO]: Loaded 1461 recipes
[02:45:34] [ServerMain/INFO]: Loaded 1574 advancements
[02:45:34] [ServerMain/INFO]: [ca.spottedleaf.dataconverter.minecraft.datatypes.MCTypeRegistry] Initialising converters for DataConverter...
[02:45:35] [ServerMain/INFO]: [ca.spottedleaf.dataconverter.minecraft.datatypes.MCTypeRegistry] Finished initialising converters for DataConverter in 247,8ms
[02:45:35] [Server thread/INFO]: Starting minecraft server version 1.21.10
[02:45:35] [Server thread/INFO]: Loading properties
[02:45:35] [Server thread/INFO]: This server is running Paper version 1.21.10-129-ver/1.21.10@3e25649 (2025-12-19T23:34:30Z) (Implementing API version 1.21.10-R0.1-SNAPSHOT)
[02:45:35] [Server thread/INFO]: [spark] This server bundles the spark profiler. For more information please visit https://docs.papermc.io/paper/profiling
[02:45:35] [Server thread/INFO]: Server Ping Player Sample Count: 12
[02:45:35] [Server thread/INFO]: Using 4 threads for Netty based IO
[02:45:35] [Server thread/INFO]: [MoonriseCommon] Paper is using 4 worker threads, 1 I/O threads
[02:45:35] [Server thread/INFO]: Default game type: SURVIVAL
[02:45:35] [Server thread/INFO]: Generating keypair
[02:45:35] [Server thread/INFO]: Starting Minecraft server on *:25565
[02:45:36] [Server thread/INFO]: Using default channel type
[02:45:36] [Server thread/INFO]: Paper: Using Java compression from Velocity.
[02:45:36] [Server thread/INFO]: Paper: Using Java cipher from Velocity.
[02:45:36] [Server thread/INFO]: [DragonTrim] Loading server plugin DragonTrim v1.0.0
[02:45:36] [Server thread/INFO]: Server permissions file permissions.yml is empty, ignoring it
[02:45:36] [Server thread/INFO]: Preparing level "world"
[02:45:36] [Server thread/INFO]: Loading 0 persistent chunks for world 'minecraft:overworld'...
[02:45:36] [Server thread/INFO]: Prepared spawn area in 2 ms
[02:45:36] [Server thread/INFO]: Loading 0 persistent chunks for world 'minecraft:the_nether'...
[02:45:36] [Server thread/INFO]: Prepared spawn area in 1 ms
[02:45:36] [Server thread/INFO]: Loading 0 persistent chunks for world 'minecraft:the_end'...
[02:45:36] [Server thread/INFO]: Prepared spawn area in 1 ms
[02:45:36] [Server thread/INFO]: Done preparing level "world" (0.336s)
[02:45:36] [Server thread/INFO]: [DragonTrim] Enabling DragonTrim v1.0.0
[02:45:36] [Server thread/INFO]: [DragonTrim] Loaded language: de_DE.yml
[02:45:36] [Server thread/INFO]: [DragonTrim] DragonTrim enabled!
[02:45:36] [Server thread/INFO]: [spark] Starting background profiler...
[02:45:36] [Server thread/INFO]: [spark] The async-profiler engine is not supported for your os/arch (windows10/amd64), so the built-in Java engine will be used instead.
[02:45:36] [Server thread/INFO]: Running delayed init tasks
[02:45:36] [Server thread/INFO]: Done (9.501s)! For help, type "help"
